<?xml version="1.0" encoding="UTF-8"?>
<testng-results skipped="0" failed="0" total="1" passed="1">
  <reporter-output>
  </reporter-output>
  <suite name="Default suite" duration-ms="24389" started-at="2019-07-14T23:01:47Z" finished-at="2019-07-14T23:02:12Z">
    <groups>
    </groups>
    <test name="Default test" duration-ms="24389" started-at="2019-07-14T23:01:47Z" finished-at="2019-07-14T23:02:12Z">
      <class name="capitalone.tests.authentication">
        <test-method status="PASS" signature="setup()[pri:0, instance:capitalone.tests.authentication@6ad5c04e]" name="setup" is-config="true" duration-ms="13679" started-at="2019-07-14T18:01:47Z" finished-at="2019-07-14T18:02:01Z">
          <reporter-output>
          </reporter-output>
        </test-method> <!-- setup -->
        <test-method status="PASS" signature="login()[pri:0, instance:capitalone.tests.authentication@6ad5c04e]" name="login" duration-ms="7376" started-at="2019-07-14T18:02:01Z" finished-at="2019-07-14T18:02:08Z">
          <reporter-output>
          </reporter-output>
        </test-method> <!-- login -->
        <test-method status="PASS" signature="teardown()[pri:0, instance:capitalone.tests.authentication@6ad5c04e]" name="teardown" is-config="true" duration-ms="3255" started-at="2019-07-14T18:02:08Z" finished-at="2019-07-14T18:02:12Z">
          <reporter-output>
          </reporter-output>
        </test-method> <!-- teardown -->
      </class> <!-- capitalone.tests.authentication -->
    </test> <!-- Default test -->
  </suite> <!-- Default suite -->
</testng-results>
