<?xml version="1.0" encoding="UTF-8"?>
<!-- Generated by org.testng.reporters.JUnitXMLReporter -->
<testsuite hostname="Adils-MacBook-Air.local" name="Default test" tests="3" failures="0" timestamp="12 Jul 2019 23:32:32 GMT" time="107.205" errors="0">
  <testcase name="CBS" time="24.764" classname="capitalone.tests.commercialMenuTest"/>
  <testcase name="IE" time="25.433" classname="capitalone.tests.commercialMenuTest"/>
  <testcase name="IandR" time="28.778" classname="capitalone.tests.commercialMenuTest"/>
</testsuite> <!-- Default test -->
